#
# A fatal error has been detected by the Java Runtime Environment:
#
#  SIGSEGV (0xb) at pc=0xb578d8ef, pid=24774, tid=3077925744
#
# JRE version: 6.0_22-b22
# Java VM: OpenJDK Client VM (20.0-b11 mixed mode, sharing linux-x86 )
# Derivative: IcedTea6 1.10.2
# Distribution: Ubuntu 11.04, package 6b22-1.10.2-0ubuntu1~11.04.1
# Problematic frame:
# J  java.net.URL.<init>(Ljava/net/URL;Ljava/lang/String;Ljava/net/URLStreamHandler;)V
#
# If you would like to submit a bug report, please include
# instructions how to reproduce the bug and visit:
#   https://bugs.launchpad.net/ubuntu/+source/openjdk-6/
#

---------------  T H R E A D  ---------------

Current thread (0x0873c400):  JavaThread "main" [_thread_in_Java, id=24776, stack(0xb7706000,0xb7757000)]

siginfo:si_signo=SIGSEGV: si_errno=0, si_code=128 (), si_addr=0x00000000

Registers:
EAX=0x00000000, EBX=0x00000000, ECX=0x6fdae660, EDX=0x00000001
ESP=0xb7754360, EBP=0xb7754458, ESI=0x6fdae660, EDI=0x00000035
EIP=0xb578d8ef, EFLAGS=0x00210202, CR2=0xb747f100

Top of Stack: (sp=0xb7754360)
0xb7754360:   00000000 94ae7610 00000000 00000004
0xb7754370:   6fdae4e8 00000000 00000035 6fdae678
0xb7754380:   b7754380 93a67c38 b77543a8 94489420
0xb7754390:   6fdae4b0 6fa0a438 00000000 00000035
0xb77543a0:   00000035 00000000 00000000 b77543ac
0xb77543b0:   93a66c74 b77543dc 6fdae660 00000000
0xb77543c0:   94489978 00000000 b77543e0 b7754490
0xb77543d0:   b57829f8 00000000 b7754490 b5782cfc 

Instructions: (pc=0xb578d8ef)
0xb578d8cf:   c7 44 24 04 10 76 ae 94 c7 44 24 08 00 00 00 00
0xb578d8df:   c7 44 24 0c 04 00 00 00 8b ce 89 5c 24 38 90 90
0xb578d8ef:   e8 ea 0b 00 00 83 f8 00 8b 5c 24 38 0f 84 03 00
0xb578d8ff:   00 00 83 c3 04 8b b4 24 b0 00 00 00 8b 56 10 3b 

Register to memory mapping:

EAX=0x00000000 is an unknown value
EBX=0x00000000 is an unknown value
ECX=
[error occurred during error reporting (printing register info), id 0xb]

Stack: [0xb7706000,0xb7757000],  sp=0xb7754360,  free space=312k
Native frames: (J=compiled Java code, j=interpreted, Vv=VM code, C=native code)
J  java.net.URL.<init>(Ljava/net/URL;Ljava/lang/String;Ljava/net/URLStreamHandler;)V
j  sun.misc.URLClassPath$FileLoader.getResource(Ljava/lang/String;Z)Lsun/misc/Resource;+28
J  sun.misc.URLClassPath.getResource(Ljava/lang/String;Z)Lsun/misc/Resource;
v  ~StubRoutines::call_stub
V  [libjvm.so+0x20a6d2]  JavaCalls::call_helper(JavaValue*, methodHandle*, JavaCallArguments*, Thread*)+0x262
V  [libjvm.so+0x3044e9]  os::os_exception_wrapper(void (*)(JavaValue*, methodHandle*, JavaCallArguments*, Thread*), JavaValue*, methodHandle*, JavaCallArguments*, Thread*)+0x19
V  [libjvm.so+0x209bcf]  JavaCalls::call(JavaValue*, methodHandle, JavaCallArguments*, Thread*)+0x2f
V  [libjvm.so+0x23e72e]  JVM_DoPrivileged+0x1fe
C  [libjava.so+0x9d2a]  Java_java_security_AccessController_doPrivileged__Ljava_security_PrivilegedExceptionAction_2Ljava_security_AccessControlContext_2+0x3a
j  java.security.AccessController.doPrivileged(Ljava/security/PrivilegedExceptionAction;Ljava/security/AccessControlContext;)Ljava/lang/Object;+0
j  java.net.URLClassLoader.findClass(Ljava/lang/String;)Ljava/lang/Class;+13
j  java.lang.ClassLoader.loadClass(Ljava/lang/String;Z)Ljava/lang/Class;+43
j  sun.misc.Launcher$AppClassLoader.loadClass(Ljava/lang/String;Z)Ljava/lang/Class;+36
j  java.lang.ClassLoader.loadClass(Ljava/lang/String;)Ljava/lang/Class;+3
v  ~StubRoutines::call_stub
V  [libjvm.so+0x20a6d2]  JavaCalls::call_helper(JavaValue*, methodHandle*, JavaCallArguments*, Thread*)+0x262
V  [libjvm.so+0x3044e9]  os::os_exception_wrapper(void (*)(JavaValue*, methodHandle*, JavaCallArguments*, Thread*), JavaValue*, methodHandle*, JavaCallArguments*, Thread*)+0x19
V  [libjvm.so+0x209bcf]  JavaCalls::call(JavaValue*, methodHandle, JavaCallArguments*, Thread*)+0x2f
V  [libjvm.so+0x20a04a]  JavaCalls::call_virtual(JavaValue*, KlassHandle, symbolHandle, symbolHandle, JavaCallArguments*, Thread*)+0xea
V  [libjvm.so+0x20a142]  JavaCalls::call_virtual(JavaValue*, Handle, KlassHandle, symbolHandle, symbolHandle, Handle, Thread*)+0x62
V  [libjvm.so+0x37f3cf]  SystemDictionary::load_instance_class(symbolHandle, Handle, Thread*)+0x52f
V  [libjvm.so+0x37db3d]  SystemDictionary::resolve_instance_class_or_null(symbolHandle, Handle, Handle, Thread*)+0x70d
V  [libjvm.so+0x37e364]  SystemDictionary::resolve_or_null(symbolHandle, Handle, Handle, Thread*)+0x44
V  [libjvm.so+0x37f930]  SystemDictionary::resolve_or_fail(symbolHandle, Handle, Handle, bool, Thread*)+0x30
V  [libjvm.so+0x2498bc]  find_class_from_class_loader(JNIEnv_*, symbolHandle, unsigned char, Handle, Handle, unsigned char, Thread*)+0x3c
V  [libjvm.so+0x249eff]  JVM_FindClassFromClass+0x1cf
C  [libverify.so+0x2605]  JVM_GetCPMethodNameUTF+0x2605
C  [libverify.so+0x28bc]  JVM_GetCPMethodNameUTF+0x28bc
C  [libverify.so+0x4dcf]  JVM_GetCPMethodNameUTF+0x4dcf
C  [libverify.so+0x70db]  JVM_GetCPMethodNameUTF+0x70db
C  [libverify.so+0x9325]  VerifyClassForMajorVersion+0x695
C  [libjava.so+0x102e9]  VerifyClassCodesForMajorVersion+0x39
V  [libjvm.so+0x3cb15e]  Verifier::inference_verify(instanceKlassHandle, char*, unsigned int, Thread*)+0x14e
V  [libjvm.so+0x3d3819]  Verifier::verify(instanceKlassHandle, Verifier::Mode, bool, Thread*)+0x1c9
V  [libjvm.so+0x1dd8b6]  instanceKlass::verify_code(instanceKlassHandle, bool, Thread*)+0x46
V  [libjvm.so+0x1de0d7]  instanceKlass::link_class_impl(instanceKlassHandle, bool, Thread*)+0x727
V  [libjvm.so+0x1de29c]  instanceKlass::link_class(Thread*)+0x5c
V  [libjvm.so+0x1e0402]  instanceKlass::initialize_impl(instanceKlassHandle, Thread*)+0x32
V  [libjvm.so+0x1e0a4b]  instanceKlass::initialize(Thread*)+0x7b
V  [libjvm.so+0x2a6d5a]  LinkResolver::resolve_static_call(CallInfo&, KlassHandle&, symbolHandle, symbolHandle, KlassHandle, bool, bool, Thread*)+0x11a
V  [libjvm.so+0x2a8bf3]  LinkResolver::resolve_invokestatic(CallInfo&, constantPoolHandle, int, Thread*)+0x83
V  [libjvm.so+0x2a9109]  LinkResolver::resolve_invoke(CallInfo&, Handle, constantPoolHandle, int, Bytecodes::Code, Thread*)+0xb9
V  [libjvm.so+0x202e57]  InterpreterRuntime::resolve_invoke(JavaThread*, Bytecodes::Code)+0x287
j  com.google.gwt.dev.cfg.ModuleDefLoader.doLoadModule(Lcom/google/gwt/core/ext/TreeLogger;Ljava/lang/String;)Lcom/google/gwt/dev/cfg/ModuleDef;+1
j  com.google.gwt.dev.cfg.ModuleDefLoader.loadFromClassPath(Lcom/google/gwt/core/ext/TreeLogger;Ljava/lang/String;Z)Lcom/google/gwt/dev/cfg/ModuleDef;+87
j  com.google.gwt.dev.Compiler.run(Lcom/google/gwt/core/ext/TreeLogger;)Z+63
j  com.google.gwt.dev.Compiler$1.run(Lcom/google/gwt/core/ext/TreeLogger;)Z+34
j  com.google.gwt.dev.CompileTaskRunner.doRun(Lcom/google/gwt/core/ext/TreeLogger;Lcom/google/gwt/dev/CompileTaskRunner$CompileTask;)Z+2
j  com.google.gwt.dev.CompileTaskRunner.runWithAppropriateLogger(Lcom/google/gwt/dev/CompileTaskOptions;Lcom/google/gwt/dev/CompileTaskRunner$CompileTask;)Z+39
j  com.google.gwt.dev.Compiler.main([Ljava/lang/String;)V+77
v  ~StubRoutines::call_stub
V  [libjvm.so+0x20a6d2]  JavaCalls::call_helper(JavaValue*, methodHandle*, JavaCallArguments*, Thread*)+0x262
V  [libjvm.so+0x3044e9]  os::os_exception_wrapper(void (*)(JavaValue*, methodHandle*, JavaCallArguments*, Thread*), JavaValue*, methodHandle*, JavaCallArguments*, Thread*)+0x19
V  [libjvm.so+0x209bcf]  JavaCalls::call(JavaValue*, methodHandle, JavaCallArguments*, Thread*)+0x2f
V  [libjvm.so+0x214509]  _ZL17jni_invoke_staticP7JNIEnv_P9JavaValueP8_jobject11JNICallTypeP10_jmethodIDP18JNI_ArgumentPusherP6Thread.clone.51+0x219
V  [libjvm.so+0x21d0e7]  jni_CallStaticVoidMethod+0xb7
C  [java+0x2569]  JavaMain+0xe69
C  [libpthread.so.0+0x5e99]  start_thread+0xd9


---------------  P R O C E S S  ---------------

Java Threads: ( => current thread )
  0x08849400 JavaThread "GWT Update Checker" daemon [_thread_blocked, id=24784, stack(0xb4b31000,0xb4b82000)]
  0x08776800 JavaThread "Low Memory Detector" daemon [_thread_blocked, id=24782, stack(0xb4e7d000,0xb4ece000)]
  0x08774800 JavaThread "C1 CompilerThread0" daemon [_thread_blocked, id=24781, stack(0xb4ece000,0xb4f4f000)]
  0x08773000 JavaThread "Signal Dispatcher" daemon [_thread_blocked, id=24780, stack(0xb4f4f000,0xb4fa0000)]
  0x0876b800 JavaThread "Finalizer" daemon [_thread_blocked, id=24779, stack(0xb51a1000,0xb51f2000)]
  0x0876a000 JavaThread "Reference Handler" daemon [_thread_blocked, id=24778, stack(0xb51f2000,0xb5243000)]
=>0x0873c400 JavaThread "main" [_thread_in_Java, id=24776, stack(0xb7706000,0xb7757000)]

Other Threads:
  0x08768400 VMThread [stack: 0xb5243000,0xb52c4000] [id=24777]
  0x08782800 WatcherThread [stack: 0xb4dfc000,0xb4e7d000] [id=24783]

VM state:not at safepoint (normal execution)

VM Mutex/Monitor currently owned by a thread: None

Heap
 def new generation   total 4928K, used 3945K [0x6f9e0000, 0x6ff30000, 0x7a480000)
  eden space 4416K,  89% used [0x6f9e0000, 0x6fdba768, 0x6fe30000)
  from space 512K,   0% used [0x6fe30000, 0x6fe30000, 0x6feb0000)
  to   space 512K,   0% used [0x6feb0000, 0x6feb0000, 0x6ff30000)
 tenured generation   total 10944K, used 0K [0x7a480000, 0x7af30000, 0x8f9e0000)
   the space 10944K,   0% used [0x7a480000, 0x7a480000, 0x7a480200, 0x7af30000)
 compacting perm gen  total 12288K, used 472K [0x8f9e0000, 0x905e0000, 0x939e0000)
   the space 12288K,   3% used [0x8f9e0000, 0x8fa56218, 0x8fa56400, 0x905e0000)
    ro space 10240K,  73% used [0x939e0000, 0x9413fa00, 0x9413fa00, 0x943e0000)
    rw space 12288K,  60% used [0x943e0000, 0x94b29700, 0x94b29800, 0x94fe0000)

Code Cache  [0xb5706000, 0xb5796000, 0xb7706000)
 total_blobs=182 nmethods=57 adapters=61 free_code_cache=32984768 largest_free_block=64

Dynamic libraries:
00114000-00130000 r-xp 00000000 08:05 1570386    /lib/i386-linux-gnu/ld-2.13.so
00130000-00131000 r--p 0001b000 08:05 1570386    /lib/i386-linux-gnu/ld-2.13.so
00131000-00132000 rw-p 0001c000 08:05 1570386    /lib/i386-linux-gnu/ld-2.13.so
00132000-0028c000 r-xp 00000000 08:05 1570367    /lib/i386-linux-gnu/libc-2.13.so
0028c000-0028d000 ---p 0015a000 08:05 1570367    /lib/i386-linux-gnu/libc-2.13.so
0028d000-0028f000 r--p 0015a000 08:05 1570367    /lib/i386-linux-gnu/libc-2.13.so
0028f000-00290000 rw-p 0015c000 08:05 1570367    /lib/i386-linux-gnu/libc-2.13.so
00290000-00293000 rw-p 00000000 00:00 0 
00293000-00299000 r-xp 00000000 08:05 1570376    /lib/i386-linux-gnu/libnss_compat-2.13.so
00299000-0029a000 r--p 00005000 08:05 1570376    /lib/i386-linux-gnu/libnss_compat-2.13.so
0029a000-0029b000 rw-p 00006000 08:05 1570376    /lib/i386-linux-gnu/libnss_compat-2.13.so
0029b000-002a5000 r-xp 00000000 08:05 1570388    /lib/i386-linux-gnu/libnss_files-2.13.so
002a5000-002a6000 r--p 00009000 08:05 1570388    /lib/i386-linux-gnu/libnss_files-2.13.so
002a6000-002a7000 rw-p 0000a000 08:05 1570388    /lib/i386-linux-gnu/libnss_files-2.13.so
00348000-0036b000 r-xp 00000000 08:05 663765     /usr/lib/jvm/java-6-openjdk/jre/lib/i386/libjava.so
0036b000-0036c000 r--p 00022000 08:05 663765     /usr/lib/jvm/java-6-openjdk/jre/lib/i386/libjava.so
0036c000-0036e000 rw-p 00023000 08:05 663765     /usr/lib/jvm/java-6-openjdk/jre/lib/i386/libjava.so
0053c000-0053e000 r-xp 00000000 08:05 1570383    /lib/i386-linux-gnu/libdl-2.13.so
0053e000-0053f000 r--p 00001000 08:05 1570383    /lib/i386-linux-gnu/libdl-2.13.so
0053f000-00540000 rw-p 00002000 08:05 1570383    /lib/i386-linux-gnu/libdl-2.13.so
005e3000-005f6000 r-xp 00000000 08:05 1569834    /lib/i386-linux-gnu/libz.so.1.2.3.4
005f6000-005f7000 r--p 00012000 08:05 1569834    /lib/i386-linux-gnu/libz.so.1.2.3.4
005f7000-005f8000 rw-p 00013000 08:05 1569834    /lib/i386-linux-gnu/libz.so.1.2.3.4
0064c000-00666000 r-xp 00000000 08:05 1569860    /lib/i386-linux-gnu/libgcc_s.so.1
00666000-00667000 r--p 00019000 08:05 1569860    /lib/i386-linux-gnu/libgcc_s.so.1
00667000-00668000 rw-p 0001a000 08:05 1569860    /lib/i386-linux-gnu/libgcc_s.so.1
008a4000-00983000 r-xp 00000000 08:05 1833278    /usr/lib/i386-linux-gnu/libstdc++.so.6.0.14
00983000-00987000 r--p 000de000 08:05 1833278    /usr/lib/i386-linux-gnu/libstdc++.so.6.0.14
00987000-00988000 rw-p 000e2000 08:05 1833278    /usr/lib/i386-linux-gnu/libstdc++.so.6.0.14
00988000-0098f000 rw-p 00000000 00:00 0 
0099e000-009a9000 r-xp 00000000 08:05 663788     /usr/lib/jvm/java-6-openjdk/jre/lib/i386/libverify.so
009a9000-009aa000 ---p 0000b000 08:05 663788     /usr/lib/jvm/java-6-openjdk/jre/lib/i386/libverify.so
009aa000-009ab000 r--p 0000b000 08:05 663788     /usr/lib/jvm/java-6-openjdk/jre/lib/i386/libverify.so
009ab000-009ac000 rw-p 0000c000 08:05 663788     /usr/lib/jvm/java-6-openjdk/jre/lib/i386/libverify.so
00a23000-00a29000 r-xp 00000000 08:05 663770     /usr/lib/jvm/java-6-openjdk/jre/lib/i386/libzip.so
00a29000-00a2a000 r--p 00005000 08:05 663770     /usr/lib/jvm/java-6-openjdk/jre/lib/i386/libzip.so
00a2a000-00a2b000 rw-p 00006000 08:05 663770     /usr/lib/jvm/java-6-openjdk/jre/lib/i386/libzip.so
00a58000-00a6b000 r-xp 00000000 08:05 1570372    /lib/i386-linux-gnu/libnsl-2.13.so
00a6b000-00a6c000 r--p 00012000 08:05 1570372    /lib/i386-linux-gnu/libnsl-2.13.so
00a6c000-00a6d000 rw-p 00013000 08:05 1570372    /lib/i386-linux-gnu/libnsl-2.13.so
00a6d000-00a6f000 rw-p 00000000 00:00 0 
00bab000-00bae000 r-xp 00000000 08:05 663773     /usr/lib/jvm/java-6-openjdk/jre/lib/i386/jli/libjli.so
00bae000-00baf000 r--p 00002000 08:05 663773     /usr/lib/jvm/java-6-openjdk/jre/lib/i386/jli/libjli.so
00baf000-00bb0000 rw-p 00003000 08:05 663773     /usr/lib/jvm/java-6-openjdk/jre/lib/i386/jli/libjli.so
00cf4000-00d09000 r-xp 00000000 08:05 1570381    /lib/i386-linux-gnu/libpthread-2.13.so
00d09000-00d0a000 r--p 00015000 08:05 1570381    /lib/i386-linux-gnu/libpthread-2.13.so
00d0a000-00d0b000 rw-p 00016000 08:05 1570381    /lib/i386-linux-gnu/libpthread-2.13.so
00d0b000-00d0d000 rw-p 00000000 00:00 0 
00d2c000-00d50000 r-xp 00000000 08:05 1570385    /lib/i386-linux-gnu/libm-2.13.so
00d50000-00d51000 r--p 00023000 08:05 1570385    /lib/i386-linux-gnu/libm-2.13.so
00d51000-00d52000 rw-p 00024000 08:05 1570385    /lib/i386-linux-gnu/libm-2.13.so
00f2f000-00f38000 r-xp 00000000 08:05 1570375    /lib/i386-linux-gnu/libnss_nis-2.13.so
00f38000-00f39000 r--p 00008000 08:05 1570375    /lib/i386-linux-gnu/libnss_nis-2.13.so
00f39000-00f3a000 rw-p 00009000 08:05 1570375    /lib/i386-linux-gnu/libnss_nis-2.13.so
00fb1000-00fb8000 r-xp 00000000 08:05 1570369    /lib/i386-linux-gnu/librt-2.13.so
00fb8000-00fb9000 r--p 00006000 08:05 1570369    /lib/i386-linux-gnu/librt-2.13.so
00fb9000-00fba000 rw-p 00007000 08:05 1570369    /lib/i386-linux-gnu/librt-2.13.so
00fd1000-00fd2000 r-xp 00000000 00:00 0          [vdso]
00fd2000-0140c000 r-xp 00000000 08:05 663778     /usr/lib/jvm/java-6-openjdk/jre/lib/i386/client/libjvm.so
0140c000-01423000 r--p 0043a000 08:05 663778     /usr/lib/jvm/java-6-openjdk/jre/lib/i386/client/libjvm.so
01423000-01430000 rw-p 00451000 08:05 663778     /usr/lib/jvm/java-6-openjdk/jre/lib/i386/client/libjvm.so
01430000-01848000 rw-p 00000000 00:00 0 
08048000-08051000 r-xp 00000000 08:05 524499     /usr/lib/jvm/java-6-openjdk/jre/bin/java
08051000-08052000 r--p 00008000 08:05 524499     /usr/lib/jvm/java-6-openjdk/jre/bin/java
08052000-08053000 rw-p 00009000 08:05 524499     /usr/lib/jvm/java-6-openjdk/jre/bin/java
08734000-08884000 rw-p 00000000 00:00 0          [heap]
6f9e0000-6ff30000 rw-p 00000000 00:00 0 
6ff30000-7a480000 rw-p 00000000 00:00 0 
7a480000-7af30000 rw-p 00000000 00:00 0 
7af30000-8f9e0000 rw-p 00000000 00:00 0 
8f9e0000-905e0000 rw-p 00000000 00:00 0 
905e0000-939e0000 rw-p 00000000 00:00 0 
939e0000-94140000 r--s 00001000 08:05 657862     /usr/lib/jvm/java-6-openjdk/jre/lib/i386/client/classes.jsa
94140000-943e0000 rw-p 00000000 00:00 0 
943e0000-94b2a000 rw-p 00761000 08:05 657862     /usr/lib/jvm/java-6-openjdk/jre/lib/i386/client/classes.jsa
94b2a000-94fe0000 rw-p 00000000 00:00 0 
94fe0000-950dc000 rw-p 00eab000 08:05 657862     /usr/lib/jvm/java-6-openjdk/jre/lib/i386/client/classes.jsa
950dc000-953e0000 rw-p 00000000 00:00 0 
953e0000-953e8000 r-xs 00fa7000 08:05 657862     /usr/lib/jvm/java-6-openjdk/jre/lib/i386/client/classes.jsa
953e8000-957e0000 rw-p 00000000 00:00 0 
b4a00000-b4a21000 rw-p 00000000 00:00 0 
b4a21000-b4b00000 ---p 00000000 00:00 0 
b4b31000-b4b34000 ---p 00000000 00:00 0 
b4b34000-b4bb0000 rw-p 00000000 00:00 0 
b4bb0000-b4d20000 r--s 01951000 08:05 534707     /home/wbmartin/.eclipse/org.eclipse.platform_3.5.0_155965261/plugins/com.google.gwt.eclipse.sdkbundle_2.3.0.r35v201104261923/gwt-2.3.0/gwt-dev.jar
b4d20000-b4df1000 r--s 00a99000 08:05 534713     /home/wbmartin/.eclipse/org.eclipse.platform_3.5.0_155965261/plugins/com.google.gwt.eclipse.sdkbundle_2.3.0.r35v201104261923/gwt-2.3.0/gwt-user.jar
b4df1000-b4df4000 r--s 0000f000 08:05 2232954    /usr/lib/jvm/java-6-openjdk/jre/lib/ext/pulse-java.jar
b4df4000-b4dfc000 r--s 00066000 08:05 2231348    /usr/share/java/gnome-java-bridge.jar
b4dfc000-b4dfd000 ---p 00000000 00:00 0 
b4dfd000-b4e7d000 rw-p 00000000 00:00 0 
b4e7d000-b4e80000 ---p 00000000 00:00 0 
b4e80000-b4ece000 rw-p 00000000 00:00 0 
b4ece000-b4ed1000 ---p 00000000 00:00 0 
b4ed1000-b4f4f000 rw-p 00000000 00:00 0 
b4f4f000-b4f52000 ---p 00000000 00:00 0 
b4f52000-b4fa0000 rw-p 00000000 00:00 0 
b4fa0000-b4fa1000 r--p 002a1000 08:05 1831566    /usr/lib/locale/locale-archive
b4fa1000-b51a1000 r--p 00000000 08:05 1831566    /usr/lib/locale/locale-archive
b51a1000-b51a4000 ---p 00000000 00:00 0 
b51a4000-b51f2000 rw-p 00000000 00:00 0 
b51f2000-b51f5000 ---p 00000000 00:00 0 
b51f5000-b5243000 rw-p 00000000 00:00 0 
b5243000-b5244000 ---p 00000000 00:00 0 
b5244000-b52f7000 rw-p 00000000 00:00 0 
b52f7000-b5487000 r--s 037af000 08:05 1963187    /usr/lib/jvm/java-6-openjdk/jre/lib/rt.jar
b5487000-b5495000 rw-p 00000000 00:00 0 
b5495000-b54af000 rw-p 00000000 00:00 0 
b54af000-b54b5000 rw-p 00000000 00:00 0 
b54b5000-b555a000 rw-p 00000000 00:00 0 
b555a000-b555d000 rw-p 00000000 00:00 0 
b555d000-b55af000 rw-p 00000000 00:00 0 
b55af000-b55b5000 rw-p 00000000 00:00 0 
b55b5000-b565a000 rw-p 00000000 00:00 0 
b565a000-b5660000 rw-p 00000000 00:00 0 
b5660000-b567a000 rw-p 00000000 00:00 0 
b567a000-b5689000 rw-p 00000000 00:00 0 
b5689000-b5706000 rw-p 00000000 00:00 0 
b5706000-b5796000 rwxp 00000000 00:00 0 
b5796000-b7706000 rw-p 00000000 00:00 0 
b7706000-b7709000 ---p 00000000 00:00 0 
b7709000-b7760000 rw-p 00000000 00:00 0 
b7760000-b7768000 rw-s 00000000 08:05 2231092    /tmp/hsperfdata_wbmartin/24774
b7768000-b7769000 rw-p 00000000 00:00 0 
b7769000-b776a000 r--p 00000000 00:00 0 
b776a000-b776c000 rw-p 00000000 00:00 0 
bfc34000-bfc55000 rw-p 00000000 00:00 0          [stack]

VM Arguments:
jvm_args: -Xmx512m 
java_command: com.google.gwt.dev.Compiler -logLevel INFO -style OBFUSCATED -war /home/wbmartin/workspace/TestGwtProject2/war com.martinanalytics.testmodule.TestModule
Launcher Type: SUN_STANDARD

Environment Variables:
CLASSPATH=/home/wbmartin/workspace/TestGwtProject2/src:/home/wbmartin/workspace/TestGwtProject2/test-classes:/home/wbmartin/workspace/TestGwtProject2/war/WEB-INF/classes:/home/wbmartin/.eclipse/org.eclipse.platform_3.5.0_155965261/plugins/com.google.gwt.eclipse.sdkbundle_2.3.0.r35v201104261923/gwt-2.3.0/gwt-user.jar:/home/wbmartin/.eclipse/org.eclipse.platform_3.5.0_155965261/plugins/com.google.gwt.eclipse.sdkbundle_2.3.0.r35v201104261923/gwt-2.3.0/gwt-dev.jar:/home/wbmartin/.eclipse/org.eclipse.platform_3.5.0_155965261/plugins/com.google.gwt.eclipse.sdkbundle_2.3.0.r35v201104261923/gwt-2.3.0/validation-api-1.0.0.GA-sources.jar:/home/wbmartin/.eclipse/org.eclipse.platform_3.5.0_155965261/plugins/com.google.gwt.eclipse.sdkbundle_2.3.0.r35v201104261923/gwt-2.3.0/validation-api-1.0.0.GA.jar:/home/wbmartin/dev/javaclass/gwt/gwt-log-3.1.3.jar:/home/wbmartin/dev/javaclass/jetty/jetty-naming-6.1.11.jar:/home/wbmartin/dev/javaclass/jetty/jetty-plus-6.1.11.jar:/home/wbmartin/dev/javaclass/smartgwt-2.4/smartgwt.jar:/home/wbmartin/dev/javaclass/smartgwt-2.4/smartgwt-skins.jar:/home/wbmartin/dev/javaclass/postgresql-9.0-801.jdbc4.jar:/home/wbmartin/.eclipse/org.eclipse.platform_3.5.0_155965261/plugins/com.google.gwt.eclipse.sdkbundle_2.3.0.r35v201104261923/gwt-2.3.0/gwt-dev.jar
PATH=/usr/local/sbin:/usr/local/bin:/usr/sbin:/usr/bin:/sbin:/bin:/usr/games
USERNAME=wbmartin
LD_LIBRARY_PATH=/usr/lib/jvm/java-6-openjdk/jre/lib/i386/client:/usr/lib/jvm/java-6-openjdk/jre/lib/i386:/usr/lib/jvm/java-6-openjdk/jre/../lib/i386:/usr/lib/jvm/java-6-openjdk/jre/lib/i386/client:/usr/lib/jvm/java-6-openjdk/jre/lib/i386:/usr/lib/xulrunner-1.9.2.17:/usr/lib/xulrunner-1.9.2.17
SHELL=/bin/bash
DISPLAY=:0

Signal Handlers:
SIGSEGV: [libjvm.so+0x3de6f0], sa_mask[0]=0x7ffbfeff, sa_flags=0x10000004
SIGBUS: [libjvm.so+0x3de6f0], sa_mask[0]=0x7ffbfeff, sa_flags=0x10000004
SIGFPE: [libjvm.so+0x2fef90], sa_mask[0]=0x7ffbfeff, sa_flags=0x10000004
SIGPIPE: [libjvm.so+0x2fef90], sa_mask[0]=0x7ffbfeff, sa_flags=0x10000004
SIGXFSZ: [libjvm.so+0x2fef90], sa_mask[0]=0x7ffbfeff, sa_flags=0x10000004
SIGILL: [libjvm.so+0x2fef90], sa_mask[0]=0x7ffbfeff, sa_flags=0x10000004
SIGUSR1: SIG_DFL, sa_mask[0]=0x00000000, sa_flags=0x00000000
SIGUSR2: [libjvm.so+0x2fee00], sa_mask[0]=0x00000004, sa_flags=0x10000004
SIGHUP: [libjvm.so+0x301bf0], sa_mask[0]=0x7ffbfeff, sa_flags=0x10000004
SIGINT: [libjvm.so+0x301bf0], sa_mask[0]=0x7ffbfeff, sa_flags=0x10000004
SIGTERM: [libjvm.so+0x301bf0], sa_mask[0]=0x7ffbfeff, sa_flags=0x10000004
SIGQUIT: [libjvm.so+0x301bf0], sa_mask[0]=0x7ffbfeff, sa_flags=0x10000004


---------------  S Y S T E M  ---------------

OS:Ubuntu 11.04 (natty)
uname:Linux 2.6.38-8-generic #42-Ubuntu SMP Mon Apr 11 03:31:50 UTC 2011 i686
libc:glibc 2.13 NPTL 2.13 
rlimit: STACK 8192k, CORE 0k, NPROC infinity, NOFILE 4096, AS infinity
load average:0.11 0.06 0.05

/proc/meminfo:
MemTotal:        1800440 kB
MemFree:           42120 kB
Buffers:           33276 kB
Cached:           336636 kB
SwapCached:        29480 kB
Active:           816196 kB
Inactive:         823816 kB
Active(anon):     639252 kB
Inactive(anon):   646280 kB
Active(file):     176944 kB
Inactive(file):   177536 kB
Unevictable:          48 kB
Mlocked:              48 kB
HighTotal:        924488 kB
HighFree:           1780 kB
LowTotal:         875952 kB
LowFree:           40340 kB
SwapTotal:       1927764 kB
SwapFree:        1733644 kB
Dirty:              2440 kB
Writeback:             0 kB
AnonPages:       1247080 kB
Mapped:           128932 kB
Shmem:             15256 kB
Slab:              42000 kB
SReclaimable:      26868 kB
SUnreclaim:        15132 kB
KernelStack:        3600 kB
PageTables:         9812 kB
NFS_Unstable:          0 kB
Bounce:                0 kB
WritebackTmp:          0 kB
CommitLimit:     2827984 kB
Committed_AS:    3532476 kB
VmallocTotal:     122880 kB
VmallocUsed:       74820 kB
VmallocChunk:      40276 kB
HardwareCorrupted:     0 kB
HugePages_Total:       0
HugePages_Free:        0
HugePages_Rsvd:        0
HugePages_Surp:        0
Hugepagesize:       4096 kB
DirectMap4k:      827384 kB
DirectMap4M:       81920 kB


CPU:total 2 (2 cores per cpu, 1 threads per core) family 17 model 3 stepping 1, cmov, cx8, fxsr, mmx, sse, sse2, sse3, mmxext, 3dnow, 3dnowext

Memory: 4k page, physical 1800440k(42616k free), swap 1927764k(1733644k free)

vm_info: OpenJDK Client VM (20.0-b11) for linux-x86 JRE (1.6.0_22-b22), built on Jun 11 2011 05:57:52 by "buildd" with gcc 4.5.2

time: Tue Jul 26 22:15:06 2011
elapsed time: 0 seconds

